Using pre-set license
Built from '2021.3/staging' branch; Version is '2021.3.11f1 (0a5ca18544bf) revision 679073'; Using compiler version '192829333'; Build Type 'Release'
OS: 'Windows 10  (10.0.19045) 64bit Professional' Language: 'en' Physical Memory: 32718 MB
BatchMode: 1, IsHumanControllingUs: 0, StartBugReporterOnCrash: 0, Is64bit: 1, IsPro: 1

COMMAND LINE ARGUMENTS:
C:\Program Files\Unity\Hub\Editor\2021.3.11f1\Editor\Unity.exe
-adb2
-batchMode
-noUpm
-name
AssetImportWorker3
-projectPath
C:/Users/Aza/Desktop/TD-CNAM/TD-CNAM
-logFile
Logs/AssetImportWorker3.log
-srvPort
50521
Successfully changed project path to: C:/Users/Aza/Desktop/TD-CNAM/TD-CNAM
C:/Users/Aza/Desktop/TD-CNAM/TD-CNAM
[UnityMemory] Configuration Parameters - Can be set up in boot.config
    "memorysetup-bucket-allocator-granularity=16"
    "memorysetup-bucket-allocator-bucket-count=8"
    "memorysetup-bucket-allocator-block-size=33554432"
    "memorysetup-bucket-allocator-block-count=8"
    "memorysetup-main-allocator-block-size=16777216"
    "memorysetup-thread-allocator-block-size=16777216"
    "memorysetup-gfx-main-allocator-block-size=16777216"
    "memorysetup-gfx-thread-allocator-block-size=16777216"
    "memorysetup-cache-allocator-block-size=4194304"
    "memorysetup-typetree-allocator-block-size=2097152"
    "memorysetup-profiler-bucket-allocator-granularity=16"
    "memorysetup-profiler-bucket-allocator-bucket-count=8"
    "memorysetup-profiler-bucket-allocator-block-size=33554432"
    "memorysetup-profiler-bucket-allocator-block-count=8"
    "memorysetup-profiler-allocator-block-size=16777216"
    "memorysetup-profiler-editor-allocator-block-size=1048576"
    "memorysetup-temp-allocator-size-main=16777216"
    "memorysetup-job-temp-allocator-block-size=2097152"
    "memorysetup-job-temp-allocator-block-size-background=1048576"
    "memorysetup-job-temp-allocator-reduction-small-platforms=262144"
    "memorysetup-temp-allocator-size-background-worker=32768"
    "memorysetup-temp-allocator-size-job-worker=262144"
    "memorysetup-temp-allocator-size-preload-manager=33554432"
    "memorysetup-temp-allocator-size-nav-mesh-worker=65536"
    "memorysetup-temp-allocator-size-audio-worker=65536"
    "memorysetup-temp-allocator-size-cloud-worker=32768"
    "memorysetup-temp-allocator-size-gi-baking-worker=262144"
    "memorysetup-temp-allocator-size-gfx=262144"
Refreshing native plugins compatible for Editor in 144.55 ms, found 4 plugins.
Preloading 0 native plugins for Editor in 0.00 ms.
Initialize engine version: 2021.3.11f1 (0a5ca18544bf)
[Subsystems] Discovering subsystems at path C:/Program Files/Unity/Hub/Editor/2021.3.11f1/Editor/Data/Resources/UnitySubsystems
[Subsystems] Discovering subsystems at path C:/Users/Aza/Desktop/TD-CNAM/TD-CNAM/Assets
GfxDevice: creating device client; threaded=0; jobified=0
Direct3D:
    Version:  Direct3D 11.0 [level 11.1]
    Renderer: NVIDIA GeForce RTX 3060 Ti (ID=0x2486)
    Vendor:   NVIDIA
    VRAM:     8038 MB
    Driver:   31.0.15.3141
Initialize mono
Mono path[0] = 'C:/Program Files/Unity/Hub/Editor/2021.3.11f1/Editor/Data/Managed'
Mono path[1] = 'C:/Program Files/Unity/Hub/Editor/2021.3.11f1/Editor/Data/MonoBleedingEdge/lib/mono/unityjit-win32'
Mono config path = 'C:/Program Files/Unity/Hub/Editor/2021.3.11f1/Editor/Data/MonoBleedingEdge/etc'
Using monoOptions --debugger-agent=transport=dt_socket,embedding=1,server=y,suspend=n,address=127.0.0.1:56720
Begin MonoManager ReloadAssembly
Registering precompiled unity dll's ...
Register platform support module: C:/Program Files/Unity/Hub/Editor/2021.3.11f1/Editor/Data/PlaybackEngines/WindowsStandaloneSupport/UnityEditor.WindowsStandalone.Extensions.dll
Registered in 0.011374 seconds.
Native extension for WindowsStandalone target not found
Refreshing native plugins compatible for Editor in 171.09 ms, found 4 plugins.
Preloading 0 native plugins for Editor in 0.00 ms.
Mono: successfully reloaded assembly
- Completed reload, in  0.987 seconds
Domain Reload Profiling:
	ReloadAssembly (987ms)
		BeginReloadAssembly (121ms)
			ExecutionOrderSort (0ms)
			DisableScriptedObjects (0ms)
			BackupInstance (0ms)
			ReleaseScriptingObjects (0ms)
			CreateAndSetChildDomain (1ms)
		EndReloadAssembly (705ms)
			LoadAssemblies (117ms)
			RebuildTransferFunctionScriptingTraits (0ms)
			SetupTypeCache (144ms)
			ReleaseScriptCaches (0ms)
			RebuildScriptCaches (44ms)
			SetupLoadedEditorAssemblies (448ms)
				LogAssemblyErrors (0ms)
				InitializePlatformSupportModulesInManaged (12ms)
				SetLoadedEditorAssemblies (0ms)
				RefreshPlugins (171ms)
				BeforeProcessingInitializeOnLoad (2ms)
				ProcessInitializeOnLoadAttributes (204ms)
				ProcessInitializeOnLoadMethodAttributes (59ms)
				AfterProcessingInitializeOnLoad (0ms)
				EditorAssembliesLoaded (0ms)
			ExecutionOrderSort2 (0ms)
			AwakeInstancesAfterBackupRestoration (0ms)
Platform modules already initialized, skipping
Registering precompiled user dll's ...
Registered in 0.010541 seconds.
Begin MonoManager ReloadAssembly
Symbol file LoadedFromMemory doesn't match image C:\Users\Aza\Desktop\TD-CNAM\TD-CNAM\Library\PackageCache\com.unity.visualscripting@1.7.8\Editor\VisualScripting.Core\Dependencies\YamlDotNet\Unity.VisualScripting.YamlDotNet.dll
Symbol file LoadedFromMemory doesn't match image C:\Users\Aza\Desktop\TD-CNAM\TD-CNAM\Library\PackageCache\com.unity.visualscripting@1.7.8\Editor\VisualScripting.Core\Dependencies\DotNetZip\Unity.VisualScripting.IonicZip.dll
Native extension for WindowsStandalone target not found
Refreshing native plugins compatible for Editor in 114.39 ms, found 4 plugins.
Preloading 0 native plugins for Editor in 0.00 ms.
Mono: successfully reloaded assembly
- Completed reload, in  1.478 seconds
Domain Reload Profiling:
	ReloadAssembly (1480ms)
		BeginReloadAssembly (160ms)
			ExecutionOrderSort (0ms)
			DisableScriptedObjects (7ms)
			BackupInstance (0ms)
			ReleaseScriptingObjects (0ms)
			CreateAndSetChildDomain (26ms)
		EndReloadAssembly (1166ms)
			LoadAssemblies (117ms)
			RebuildTransferFunctionScriptingTraits (0ms)
			SetupTypeCache (225ms)
			ReleaseScriptCaches (1ms)
			RebuildScriptCaches (60ms)
			SetupLoadedEditorAssemblies (732ms)
				LogAssemblyErrors (0ms)
				InitializePlatformSupportModulesInManaged (5ms)
				SetLoadedEditorAssemblies (0ms)
				RefreshPlugins (114ms)
				BeforeProcessingInitializeOnLoad (177ms)
				ProcessInitializeOnLoadAttributes (360ms)
				ProcessInitializeOnLoadMethodAttributes (63ms)
				AfterProcessingInitializeOnLoad (11ms)
				EditorAssembliesLoaded (0ms)
			ExecutionOrderSort2 (0ms)
			AwakeInstancesAfterBackupRestoration (12ms)
Platform modules already initialized, skipping
========================================================================
Worker process is ready to serve import requests
Launched and connected shader compiler UnityShaderCompiler.exe after 0.05 seconds
Refreshing native plugins compatible for Editor in 1.40 ms, found 4 plugins.
Preloading 0 native plugins for Editor in 0.00 ms.
Unloading 4069 Unused Serialized files (Serialized files now loaded: 0)
Unloading 44 unused Assets / (229.2 KB). Loaded Objects now: 4519.
Memory consumption went from 151.9 MB to 151.6 MB.
Total: 4.106700 ms (FindLiveObjects: 0.522200 ms CreateObjectMapping: 0.230100 ms MarkObjects: 3.123600 ms  DeleteObjects: 0.229100 ms)

AssetImportParameters requested are different than current active one (requested -> active):
  custom:video-decoder-ogg-theora: a1e56fd34408186e4bbccfd4996cb3dc -> 
  custom:container-muxer-webm: aa71ff27fc2769a1b78a27578f13a17b -> 
  custom:container-demuxer-webm: 4f35f7cbe854078d1ac9338744f61a02 -> 
  custom:video-encoder-webm-vp8: eb34c28f22e8b96e1ab97ce403110664 -> 
  custom:video-codec-MediaFoundation-h265: 746d11721c4dcdbdad8f713fa42b33f4 -> 
  custom:audio-encoder-webm-vorbis: bf7c407c2cedff20999df2af8eb42d56 -> 
  custom:framework-win-MediaFoundation: 216162199b28c13a410421893ffa2e32 -> 
  custom:container-demuxer-ogg: 62fdf1f143b41e24485cea50d1cbac27 -> 
  custom:video-decoder-webm-vp8: 9c59270c3fd7afecdb556c50c9e8de78 -> 
  custom:audio-decoder-ogg-vorbis: bf7c407c2cedff20999df2af8eb42d56 -> 
========================================================================
Received Import Request.
  Time since last request: 58583.251278 seconds.
  path: Assets/Sprites/creatures_24x24/oryx_16bit_fantasy_creatures_365.png
  artifactKey: Guid(37b6af3e2c7732c41bac6e844d61af31) Importer(815301076,1909f56bfc062723c751e8b465ee728b)
Start importing Assets/Sprites/creatures_24x24/oryx_16bit_fantasy_creatures_365.png using Guid(37b6af3e2c7732c41bac6e844d61af31) Importer(815301076,1909f56bfc062723c751e8b465ee728b)  -> (artifact id: 'f5717ebc58802e6050634a9ffade0cef') in 0.169401 seconds 
========================================================================
Received Import Request.
  Time since last request: 0.000024 seconds.
  path: Assets/Sprites/creatures_24x24/oryx_16bit_fantasy_creatures_312.png
  artifactKey: Guid(08341a2820721d541995a5291718be58) Importer(815301076,1909f56bfc062723c751e8b465ee728b)
Start importing Assets/Sprites/creatures_24x24/oryx_16bit_fantasy_creatures_312.png using Guid(08341a2820721d541995a5291718be58) Importer(815301076,1909f56bfc062723c751e8b465ee728b)  -> (artifact id: 'd2605198b2ae01f711160de5832d9bf9') in 0.020557 seconds 
========================================================================
Received Import Request.
  Time since last request: 0.000115 seconds.
  path: Assets/Sprites/creatures_24x24/oryx_16bit_fantasy_creatures_382.png
  artifactKey: Guid(a4e681d82da4b1442b5d9c0b513cc964) Importer(815301076,1909f56bfc062723c751e8b465ee728b)
Start importing Assets/Sprites/creatures_24x24/oryx_16bit_fantasy_creatures_382.png using Guid(a4e681d82da4b1442b5d9c0b513cc964) Importer(815301076,1909f56bfc062723c751e8b465ee728b)  -> (artifact id: '759316f52d4f50942922a1e83d2855ad') in 0.015380 seconds 
========================================================================
Received Import Request.
  Time since last request: 0.000027 seconds.
  path: Assets/Sprites/creatures_24x24/oryx_16bit_fantasy_creatures_342.png
  artifactKey: Guid(6770074e555d48c4d802d13084dc7c81) Importer(815301076,1909f56bfc062723c751e8b465ee728b)
Start importing Assets/Sprites/creatures_24x24/oryx_16bit_fantasy_creatures_342.png using Guid(6770074e555d48c4d802d13084dc7c81) Importer(815301076,1909f56bfc062723c751e8b465ee728b)  -> (artifact id: 'f26c5f2b7f71d9a32a8b2eb30a8de1ba') in 0.016417 seconds 
========================================================================
Received Import Request.
  Time since last request: 0.000034 seconds.
  path: Assets/Sprites/creatures_24x24/oryx_16bit_fantasy_creatures_311.png
  artifactKey: Guid(1ac1727b030e6dd4bb583880d46f076b) Importer(815301076,1909f56bfc062723c751e8b465ee728b)
Start importing Assets/Sprites/creatures_24x24/oryx_16bit_fantasy_creatures_311.png using Guid(1ac1727b030e6dd4bb583880d46f076b) Importer(815301076,1909f56bfc062723c751e8b465ee728b)  -> (artifact id: '23e47ff1c3378027f7a653d8b9df5abe') in 0.017843 seconds 
========================================================================
Received Import Request.
  Time since last request: 0.000028 seconds.
  path: Assets/Sprites/creatures_24x24/oryx_16bit_fantasy_creatures_376.png
  artifactKey: Guid(91999ff4f2610a0458cc1b9e1545f109) Importer(815301076,1909f56bfc062723c751e8b465ee728b)
Start importing Assets/Sprites/creatures_24x24/oryx_16bit_fantasy_creatures_376.png using Guid(91999ff4f2610a0458cc1b9e1545f109) Importer(815301076,1909f56bfc062723c751e8b465ee728b)  -> (artifact id: '988b1e217c373102c902ee7fe491e809') in 0.017804 seconds 
========================================================================
Received Import Request.
  Time since last request: 0.000022 seconds.
  path: Assets/Sprites/creatures_24x24/oryx_16bit_fantasy_creatures_280.png
  artifactKey: Guid(cb92ef32893dde04cb896f1aa5a6ca5f) Importer(815301076,1909f56bfc062723c751e8b465ee728b)
Start importing Assets/Sprites/creatures_24x24/oryx_16bit_fantasy_creatures_280.png using Guid(cb92ef32893dde04cb896f1aa5a6ca5f) Importer(815301076,1909f56bfc062723c751e8b465ee728b)  -> (artifact id: 'e4009a0d0263777ee73f5d5b114dbbb9') in 0.016458 seconds 
========================================================================
Received Import Request.
  Time since last request: 0.000022 seconds.
  path: Assets/Sprites/creatures_24x24/oryx_16bit_fantasy_creatures_327.png
  artifactKey: Guid(754d909dc936a744b953bbf292fb3559) Importer(815301076,1909f56bfc062723c751e8b465ee728b)
Start importing Assets/Sprites/creatures_24x24/oryx_16bit_fantasy_creatures_327.png using Guid(754d909dc936a744b953bbf292fb3559) Importer(815301076,1909f56bfc062723c751e8b465ee728b)  -> (artifact id: 'f8477fb3e6797e7f927450bec1db5ec3') in 0.016079 seconds 
========================================================================
Received Import Request.
  Time since last request: 1.039198 seconds.
  path: Assets/Sprites/creatures_24x24/oryx_16bit_fantasy_creatures_388.png
  artifactKey: Guid(1868d99ddbf80d443848c6d81aa5adbe) Importer(815301076,1909f56bfc062723c751e8b465ee728b)
Start importing Assets/Sprites/creatures_24x24/oryx_16bit_fantasy_creatures_388.png using Guid(1868d99ddbf80d443848c6d81aa5adbe) Importer(815301076,1909f56bfc062723c751e8b465ee728b)  -> (artifact id: '0a0aed89bfc5a57f53a1561430b506a4') in 0.028561 seconds 
========================================================================
Received Import Request.
  Time since last request: 0.000020 seconds.
  path: Assets/Sprites/creatures_24x24/oryx_16bit_fantasy_creatures_392.png
  artifactKey: Guid(aa4a496add4ddc7418a23e9497e4fa90) Importer(815301076,1909f56bfc062723c751e8b465ee728b)
Start importing Assets/Sprites/creatures_24x24/oryx_16bit_fantasy_creatures_392.png using Guid(aa4a496add4ddc7418a23e9497e4fa90) Importer(815301076,1909f56bfc062723c751e8b465ee728b)  -> (artifact id: 'cd625c6fb51ff04630898892cf783b35') in 0.019109 seconds 
========================================================================
Received Import Request.
  Time since last request: 0.000047 seconds.
  path: Assets/Sprites/creatures_24x24/oryx_16bit_fantasy_creatures_391.png
  artifactKey: Guid(e9cad1e4b4dae8b4d976e390e34e89b5) Importer(815301076,1909f56bfc062723c751e8b465ee728b)
Start importing Assets/Sprites/creatures_24x24/oryx_16bit_fantasy_creatures_391.png using Guid(e9cad1e4b4dae8b4d976e390e34e89b5) Importer(815301076,1909f56bfc062723c751e8b465ee728b)  -> (artifact id: '14738e59b6eb4ea1b2d6c5831db5928b') in 0.017773 seconds 
========================================================================
Received Import Request.
  Time since last request: 0.000022 seconds.
  path: Assets/Sprites/creatures_24x24/oryx_16bit_fantasy_creatures_394.png
  artifactKey: Guid(f1ce9f08d1f84f44c8c8ea7a6dff5515) Importer(815301076,1909f56bfc062723c751e8b465ee728b)
Start importing Assets/Sprites/creatures_24x24/oryx_16bit_fantasy_creatures_394.png using Guid(f1ce9f08d1f84f44c8c8ea7a6dff5515) Importer(815301076,1909f56bfc062723c751e8b465ee728b)  -> (artifact id: 'b9903c42882ea820cae3bf838bafd785') in 0.018530 seconds 
